host: pbarros-System-Product-Name
Building DAG of jobs...
Your conda installation is not configured to use strict channel priorities. This is however important for having robust and correct environments (for details, see https://conda-forge.org/docs/user/tipsandtricks.html). Please consider to configure strict priorities by executing 'conda config --set channel_priority strict'.
Creating conda environment envs/fastp.yaml...
Downloading and installing remote packages.
Environment for /home/pbarros/Trabalhos/abScope/envs/fastp.yaml created (location: .snakemake/conda/bb32403619068753fd5413302e5f51b4_)
Using shell: /usr/bin/bash
Provided cores: 1 (use --cores to define parallelism)
Rules claiming more threads will be scaled down.
Job stats:
job                 count
----------------  -------
all                     1
quality_trimming        1
total                   2

Select jobs to execute...
Execute 1 jobs...

[Fri Mar 14 05:36:54 2025]
localrule quality_trimming:
    input: samples.csv
    output: quality_trimmed
    log: logs/log_trimming.txt
    jobid: 1
    reason: Missing output files: quality_trimmed; Software environment definition has changed since last execution
    resources: tmpdir=/tmp

Activating conda environment: .snakemake/conda/bb32403619068753fd5413302e5f51b4_
[Fri Mar 14 05:36:55 2025]
Finished job 1.
1 of 2 steps (50%) done
Select jobs to execute...
Execute 1 jobs...

[Fri Mar 14 05:36:55 2025]
localrule all:
    input: quality_trimmed
    jobid: 0
    reason: Input files updated by another job: quality_trimmed
    resources: tmpdir=/tmp

[Fri Mar 14 05:36:55 2025]
Finished job 0.
2 of 2 steps (100%) done
Complete log: .snakemake/log/2025-03-14T053648.696074.snakemake.log
